<?xml version="1.0" encoding="utf-8"?>
<testsuites time="0.018" tests="9" failures="1">
  <testsuite id="0" name="Source.TestSubmission.dll" tests="9" failures="1" time="0.018">
    <testcase classname="Codenation.Challenge.CesarCypherTest" name="Codenation.Challenge.CesarCypherTest.Should_Use_Cesar_Cypher_When_Crypt(message: &quot;the quick brown fox jumps over the lazy dog&quot;, cypherMessage: &quot;wkh txlfn eurzq ira mxpsv ryhu wkh odcb grj&quot;)" time="0.0090000" />
    <testcase classname="Codenation.Challenge.CesarCypherTest" name="Codenation.Challenge.CesarCypherTest.Should_Not_Accept_Null_When_Decrypt" time="0.0020000" />
    <testcase classname="Codenation.Challenge.CesarCypherTest" name="Codenation.Challenge.CesarCypherTest.Should_Convert_To_Lower_Case_When_Decrypt" time="0.0010000">
      <error message="System.ArgumentOutOfRangeException : Specified argument was out of the range of valid values.">   at Codenation.Challenge.CesarCypher.Decrypt(String cryptedMessage) in C:\Users\Moyses\codenation\csharp-2\Source\CesarCypher.cs:line 90
   at Codenation.Challenge.CesarCypherTest.Should_Convert_To_Lower_Case_When_Decrypt() in C:\Users\Moyses\codenation\csharp-2\Source.TestSubmission\CesarCypherTest.cs:line 60</error>
    </testcase>
    <testcase classname="Codenation.Challenge.CesarCypherTest" name="Codenation.Challenge.CesarCypherTest.Should_Not_Accept_Null_When_Crypt" time="0.0010000" />
    <testcase classname="Codenation.Challenge.CesarCypherTest" name="Codenation.Challenge.CesarCypherTest.Should_Keep_Numbers_Out_When_Crypt" time="0.0010000" />
    <testcase classname="Codenation.Challenge.CesarCypherTest" name="Codenation.Challenge.CesarCypherTest.Should_Convert_To_Lower_Case_When_Crypt" time="0.0010000" />
    <testcase classname="Codenation.Challenge.CesarCypherTest" name="Codenation.Challenge.CesarCypherTest.Should_Use_Cesar_Cypher_When_Decrypt(cypherMessage: &quot;wkh txlfn eurzq ira mxpsv ryhu wkh odcb grj&quot;, message: &quot;the quick brown fox jumps over the lazy dog&quot;)" time="0.0010000" />
    <testcase classname="Codenation.Challenge.CesarCypherTest" name="Codenation.Challenge.CesarCypherTest.Should_Ensure_Letter_Or_Number_When_Decrypt" time="0.0010000" />
    <testcase classname="Codenation.Challenge.CesarCypherTest" name="Codenation.Challenge.CesarCypherTest.Should_Ensure_Letter_Or_Number_When_Crypt" time="0.0010000" />
  </testsuite>
</testsuites>